<?xml version="1.0" encoding="UTF-8"?>
<!-- Generated by org.testng.reporters.JUnitReportReporter -->
<testsuite hostname="DESKTOP-3ULM9KP" failures="0" tests="1" name="TestCases.RegularOrders" time="9.050" errors="0" timestamp="2024-06-14T16:04:32 IST" skipped="0">
  <testcase classname="TestCases.RegularOrders" name="RegularOrderAction" time="9.050"/>
  <system-out/>
</testsuite> <!-- TestCases.RegularOrders -->
