<?xml version="1.0" encoding="UTF-8"?>
<!-- Generated by org.testng.reporters.JUnitReportReporter -->
<testsuite hostname="DESKTOP-3ULM9KP" failures="0" tests="1" name="TestCases.BulkOrder" time="12.813" errors="0" timestamp="2024-07-03T10:40:17 IST" skipped="0">
  <testcase classname="TestCases.BulkOrder" name="bulkorder" time="12.813"/>
  <system-out/>
</testsuite> <!-- TestCases.BulkOrder -->
