<?xml version="1.0" encoding="UTF-8"?>
<!-- Generated by org.testng.reporters.JUnitReportReporter -->
<testsuite hostname="DESKTOP-3ULM9KP" failures="0" tests="1" name="buyerSide.smaopke" time="0.007" errors="0" timestamp="2024-08-29T13:18:44 IST" skipped="0">
  <testcase classname="buyerSide.smaopke" name="vk" time="0.007"/>
  <system-out/>
</testsuite> <!-- buyerSide.smaopke -->
