<?xml version="1.0" encoding="UTF-8"?>
<!-- Generated by org.testng.reporters.JUnitReportReporter -->
<testsuite hostname="DESKTOP-3ULM9KP" failures="0" tests="1" name="buyerSide1.BuyerSidePlaceOrder" time="19.152" errors="0" timestamp="2024-06-14T18:38:35 IST" skipped="0">
  <testcase classname="buyerSide1.BuyerSidePlaceOrder" name="BuyerPlaceOrder" time="19.152"/>
  <system-out/>
</testsuite> <!-- buyerSide1.BuyerSidePlaceOrder -->
