<?xml version="1.0" encoding="UTF-8"?>
<!-- Generated by org.testng.reporters.JUnitReportReporter -->
<testsuite hostname="DESKTOP-3ULM9KP" failures="0" tests="1" name="TestCases.BuyerSide" time="11.465" errors="0" timestamp="2024-06-14T12:40:33 IST" skipped="0">
  <testcase classname="TestCases.BuyerSide" name="BuyerPlaceOrder" time="11.465"/>
  <system-out/>
</testsuite> <!-- TestCases.BuyerSide -->
