<?xml version="1.0" encoding="UTF-8"?>
<!-- Generated by org.testng.reporters.JUnitReportReporter -->
<testsuite hostname="DESKTOP-3ULM9KP" failures="0" tests="1" name="TestCases.OrderSummary" time="14.149" errors="0" timestamp="2024-07-12T13:39:51 IST" skipped="0">
  <testcase classname="TestCases.OrderSummary" name="CheckShortORSurplus" time="14.149"/>
  <system-out/>
</testsuite> <!-- TestCases.OrderSummary -->
