<?xml version="1.0" encoding="UTF-8"?>
<!-- Generated by org.testng.reporters.JUnitReportReporter -->
<testsuite hostname="DESKTOP-3ULM9KP" failures="0" tests="1" name="TestCases.Search" time="20.219" errors="0" timestamp="2024-07-03T10:37:22 IST" skipped="0">
  <testcase classname="TestCases.Search" name="SearchAll" time="20.219"/>
  <system-out/>
</testsuite> <!-- TestCases.Search -->
