<?xml version="1.0" encoding="UTF-8"?>
<!-- Generated by org.testng.reporters.JUnitReportReporter -->
<testsuite hostname="DESKTOP-3ULM9KP" failures="0" tests="1" name="TestCases.HomePage" time="3.051" errors="0" timestamp="2024-06-03T11:24:02 IST" skipped="0">
  <testcase classname="TestCases.HomePage" name="Addcatalogue" time="3.051"/>
  <system-out/>
</testsuite> <!-- TestCases.HomePage -->
